<?xml version="1.0" encoding="UTF-8"?>
<!-- Generated by org.testng.reporters.JUnitXMLReporter -->
<testsuite ignored="0" hostname="DESKTOP-G61E0GK" failures="0" tests="3" name="ChromeTest" time="35.824" errors="0" timestamp="2022-09-19T04:24:59 GMT-07:00">
  <testcase classname="test.TestNgClass" name="goBackToMessenger" time="1.987"/>
  <testcase classname="test.TestNgClass" name="contactToHelpCenter" time="1.783"/>
  <testcase classname="testA.TestNgClass" name="test1" time="3.091"/>
</testsuite> <!-- ChromeTest -->
