<?xml version="1.0" encoding="UTF-8"?>
<!-- Generated by org.testng.reporters.JUnitXMLReporter -->
<testsuite ignored="0" hostname="DESKTOP-G61E0GK" failures="0" tests="3" name="FirefoxTest" time="39.136" errors="0" timestamp="2022-09-19T04:25:38 GMT-07:00">
  <testcase classname="test.TestNgClass" name="goBackToMessenger" time="2.107"/>
  <testcase classname="test.TestNgClass" name="contactToHelpCenter" time="1.118"/>
  <testcase classname="testA.TestNgClass" name="test1" time="1.084"/>
</testsuite> <!-- FirefoxTest -->
