<?xml version="1.0" encoding="UTF-8"?>
<!-- Generated by org.testng.reporters.JUnitXMLReporter -->
<testsuite ignored="0" hostname="DESKTOP-G61E0GK" failures="0" tests="3" name="Test" time="34.336" errors="0" timestamp="2022-09-17T04:00:01 GMT-07:00">
  <testcase classname="test.TestNgClass" name="goBackToMessenger" time="2.051"/>
  <testcase classname="test.TestNgClass" name="contactToHelpCenter" time="1.137"/>
  <testcase classname="testA.TestNgClass" name="test123" time="2.557"/>
</testsuite> <!-- Test -->
